ant:<br><ant&gt;<br>  &lt;mkdir dir="C:\Users\Tim\Desktop\Lab\Data\Code\SpectrumValidation\MATLAB GUI\New\CAMV2\distrib" /&gt;<br>  &lt;mkdir dir="C:\Users\Tim\Desktop\Lab\Data\Code\SpectrumValidation\MATLAB GUI\New\CAMV2\src" /&gt;<br></ant&gt;
mcc -o CAMV2 -W WinMain:CAMV2 -T link:exe -d 'C:\Users\Tim\Desktop\Lab\Data\Code\SpectrumValidation\MATLAB GUI\New\CAMV2\src' -w enable:specified_file_mismatch -w enable:repeated_file -w enable:switch_ignored -w enable:missing_lib_sentinel -w enable:demo_license -v 'C:\Users\Tim\Desktop\Lab\Data\Code\SpectrumValidation\MATLAB GUI\New\spectrum_validation_beta.m' -a 'C:\Users\Tim\Desktop\Lab\Data\Code\SpectrumValidation\MATLAB GUI\New\gray.jpg' -a 'C:\Users\Tim\Desktop\Lab\Data\Code\SpectrumValidation\MATLAB GUI\New\green.jpg' -a 'C:\Users\Tim\Desktop\Lab\Data\Code\SpectrumValidation\MATLAB GUI\New\orange.jpg' -a 'C:\Users\Tim\Desktop\Lab\Data\Code\SpectrumValidation\MATLAB GUI\New\red.jpg' -a 'C:\Users\Tim\Desktop\Lab\Data\Code\SpectrumValidation\MATLAB GUI\New\white.jpg' -a 'C:\Users\Tim\Desktop\Lab\Data\Code\SpectrumValidation\MATLAB GUI\New\yellow.jpg' 
Compiler version: 4.16 (R2011b)
Processing C:\Program Files\MATLAB\R2011b\toolbox\matlab\mcc.enc
Processing C:\Program Files\MATLAB\R2011b\toolbox\bioinfo\mcc.enc
Processing C:\Program Files\MATLAB\R2011b\toolbox\stats\mcc.enc
Processing include files...
2 item(s) added.
Processing directories installed with MCR...
The file C:\Users\Tim\Desktop\Lab\Data\Code\SpectrumValidation\MATLAB GUI\New\CAMV2\src\mccExcludedFiles.log contains a list of functions excluded from the CTF archive.
2 item(s) added.
Generating MATLAB path for the compiled application...
Created 42 path items.
Begin validation of MEX files: Wed Feb 27 12:35:48 2013
Validating 'C:\Program Files\MATLAB\R2011b\toolbox\stats\stats\@sobolset\private\DNToMatrix.mexw32'.
No conflicting MATLAB file found.
Validating 'C:\Program Files\MATLAB\R2011b\toolbox\stats\stats\@sobolset\private\MatrixToDN.mexw32'.
No conflicting MATLAB file found.
Validating 'C:\Program Files\MATLAB\R2011b\toolbox\stats\stats\@sobolset\private\computeDN.mexw32'.
No conflicting MATLAB file found.
Validating 'C:\Program Files\MATLAB\R2011b\toolbox\stats\stats\@sobolset\private\convertToDouble.mexw32'.
No conflicting MATLAB file found.
Validating 'C:\Program Files\MATLAB\R2011b\toolbox\stats\stats\@sobolset\private\matrixBitXor.mexw32'.
No conflicting MATLAB file found.
Validating 'C:\Program Files\MATLAB\R2011b\toolbox\stats\stats\@sobolset\private\sobolIndexed.mexw32'.
No conflicting MATLAB file found.
Validating 'C:\Program Files\MATLAB\R2011b\toolbox\stats\stats\@sobolset\private\sobolNet.mexw32'.
No conflicting MATLAB file found.
Validating 'C:\Program Files\MATLAB\R2011b\toolbox\stats\stats\@sobolset\private\sobolPoint.mexw32'.
No conflicting MATLAB file found.
Validating 'C:\Program Files\MATLAB\R2011b\toolbox\stats\stats\@sobolset\private\sobolSequence.mexw32'.
No conflicting MATLAB file found.
End validation of MEX files: Wed Feb 27 12:35:48 2013
Warning: Adding path
"C:\Users\Tim\Desktop\Lab\Data\Code\SpectrumValidation\MATLAB GUI\New" to
Compiler path instance. 
Parsing file "C:\Users\Tim\Desktop\Lab\Data\Code\SpectrumValidation\MATLAB GUI\New\spectrum_validation_beta.m"
	(Referenced from: "Compiler Command Line").
Parsing file "C:\Program Files\MATLAB\R2011b\toolbox\compiler\deploy\deployprint.m"
	(Referenced from: "Compiler Command Line").
Parsing file "C:\Program Files\MATLAB\R2011b\toolbox\compiler\deploy\printdlg.m"
	(Referenced from: "Compiler Command Line").
Deleting 9 temporary MEX authorization files.
Removing: 'C:\Users\Tim\AppData\Local\Temp\mathworks_tmp_2688_24780_2688.auth'.
Removing: 'C:\Users\Tim\AppData\Local\Temp\mathworks_tmp_2688_17291_2688.auth'.
Removing: 'C:\Users\Tim\AppData\Local\Temp\mathworks_tmp_2688_26070_2688.auth'.
Removing: 'C:\Users\Tim\AppData\Local\Temp\mathworks_tmp_2688_8535_2688.auth'.
Removing: 'C:\Users\Tim\AppData\Local\Temp\mathworks_tmp_2688_32118_2688.auth'.
Removing: 'C:\Users\Tim\AppData\Local\Temp\mathworks_tmp_2688_21888_2688.auth'.
Removing: 'C:\Users\Tim\AppData\Local\Temp\mathworks_tmp_2688_2481_2688.auth'.
Removing: 'C:\Users\Tim\AppData\Local\Temp\mathworks_tmp_2688_10979_2688.auth'.
Removing: 'C:\Users\Tim\AppData\Local\Temp\mathworks_tmp_2688_23086_2688.auth'.
Generating file "C:\Users\Tim\Desktop\Lab\Data\Code\SpectrumValidation\MATLAB GUI\New\CAMV2\src\readme.txt".
copy 'C:\Users\Tim\Desktop\Lab\Data\Code\SpectrumValidation\MATLAB GUI\New\CAMV2\src\readme.txt' 'C:\Users\Tim\Desktop\Lab\Data\Code\SpectrumValidation\MATLAB GUI\New\CAMV2\distrib\readme.txt'
copy 'C:\Users\Tim\Desktop\Lab\Data\Code\SpectrumValidation\MATLAB GUI\New\CAMV2\src\CAMV2.exe' 'C:\Users\Tim\Desktop\Lab\Data\Code\SpectrumValidation\MATLAB GUI\New\CAMV2\distrib\CAMV2.exe'
ant:<br><ant&gt;<br>  &lt;echo file="C:\Users\Tim\Desktop\Lab\Data\Code\SpectrumValidation\MATLAB GUI\New\CAMV2\distrib/_install.bat">ECHO OFF<br><br>:START<br>ECHO Deploying project CAMV2<br><br>SET NEEDUPDATEPATH=<br>IF EXIST MCRInstaller.exe (<br>    ECHO Running MCRInstaller    <br>    MCRInstaller.exe    <br>    SET NEEDUPDATEPATH=1<br>) ELSE IF EXIST MCRInstaller.cmd (<br>    ECHO Running remote MCRInstaller<br>    MCRInstaller.cmd<br>    SET NEEDUPDATEPATH=1<br>)<br><br><br><br>:COMPLETE<br>ECHO Installation complete.<br>ECHO Please refer to the documentation for any additional setup steps.</echo&gt;<br></ant&gt;
com.mathworks.mde.deploytool.engine.ZipCommand@16d9ce
C:/Users/Tim/Desktop/Lab/Data/Code/SpectrumValidation/MATLAB GUI/New/CAMV_pkg.exe: adjusting offsets for a preamble of 135168 bytes
